<?xml version="1.0" encoding="UTF-8"?>
<testsuite name="com.tarun.customupload.CustomUploadApplicationTests" tests="2" skipped="0" failures="0" errors="0" timestamp="2025-04-08T13:55:50.278Z" hostname="Mac.lan" time="0.391">
  <properties/>
  <testcase name="testServiceBeanLoads()" classname="com.tarun.customupload.CustomUploadApplicationTests" time="0.39"/>
  <testcase name="contextLoads()" classname="com.tarun.customupload.CustomUploadApplicationTests" time="0.001"/>
  <system-out><![CDATA[Standard Commons Logging discovery in action with spring-jcl: please remove commons-logging.jar from classpath in order to avoid potential conflicts
09:55:49.575 [Test worker] INFO org.springframework.test.context.support.AnnotationConfigContextLoaderUtils -- Could not detect default configuration classes for test class [com.tarun.customupload.CustomUploadApplicationTests]: CustomUploadApplicationTests does not declare any static, non-private, non-final, nested classes annotated with @Configuration.
09:55:49.615 [Test worker] INFO org.springframework.boot.test.context.SpringBootTestContextBootstrapper -- Found @SpringBootConfiguration com.tarun.customupload.CustomUploadApplication for test class com.tarun.customupload.CustomUploadApplicationTests

  .   ____          _            __ _ _
 /\\ / ___'_ __ _ _(_)_ __  __ _ \ \ \ \
( ( )\___ | '_ | '_| | '_ \/ _` | \ \ \ \
 \\/  ___)| |_)| | | | | || (_| |  ) ) ) )
  '  |____| .__|_| |_|_| |_\__, | / / / /
 =========|_|==============|___/=/_/_/_/

 :: Spring Boot ::                (v3.4.3)

2025-04-08T09:55:49.757-04:00  INFO 77276 --- [CustomUpload] [    Test worker] c.t.c.CustomUploadApplicationTests       : Starting CustomUploadApplicationTests using Java 17.0.9 with PID 77276 (started by pothinenitarunkumar in /Users/pothinenitarunkumar/Desktop/DriveSync/CustomUpload)
2025-04-08T09:55:49.758-04:00  INFO 77276 --- [CustomUpload] [    Test worker] c.t.c.CustomUploadApplicationTests       : No active profile set, falling back to 1 default profile: "default"
2025-04-08T09:55:50.273-04:00  INFO 77276 --- [CustomUpload] [    Test worker] c.t.c.CustomUploadApplicationTests       : Started CustomUploadApplicationTests in 0.602 seconds (process running for 1.082)
]]></system-out>
  <system-err><![CDATA[]]></system-err>
</testsuite>
