<?xml version="1.0" encoding="UTF-8"?>
<testsuite name="com.tarun.customupload.controller.GoogleDriveControllerTest" tests="4" skipped="0" failures="0" errors="0" timestamp="2025-04-08T13:55:50.824Z" hostname="Mac.lan" time="0.072">
  <properties/>
  <testcase name="testUploadFile()" classname="com.tarun.customupload.controller.GoogleDriveControllerTest" time="0.042"/>
  <testcase name="testListFiles()" classname="com.tarun.customupload.controller.GoogleDriveControllerTest" time="0.008"/>
  <testcase name="testDeleteFile()" classname="com.tarun.customupload.controller.GoogleDriveControllerTest" time="0.009"/>
  <testcase name="testDownloadFile()" classname="com.tarun.customupload.controller.GoogleDriveControllerTest" time="0.007"/>
  <system-out><![CDATA[2025-04-08T09:55:50.735-04:00  INFO 77276 --- [CustomUpload] [    Test worker] t.c.s.AnnotationConfigContextLoaderUtils : Could not detect default configuration classes for test class [com.tarun.customupload.controller.GoogleDriveControllerTest]: GoogleDriveControllerTest does not declare any static, non-private, non-final, nested classes annotated with @Configuration.
2025-04-08T09:55:50.839-04:00  INFO 77276 --- [CustomUpload] [    Test worker] o.s.mock.web.MockServletContext          : Initializing Spring TestDispatcherServlet ''
2025-04-08T09:55:50.839-04:00  INFO 77276 --- [CustomUpload] [    Test worker] o.s.t.web.servlet.TestDispatcherServlet  : Initializing Servlet ''
2025-04-08T09:55:50.839-04:00  INFO 77276 --- [CustomUpload] [    Test worker] o.s.t.web.servlet.TestDispatcherServlet  : Completed initialization in 0 ms
2025-04-08T09:55:50.875-04:00  INFO 77276 --- [CustomUpload] [    Test worker] o.s.mock.web.MockServletContext          : Initializing Spring TestDispatcherServlet ''
2025-04-08T09:55:50.875-04:00  INFO 77276 --- [CustomUpload] [    Test worker] o.s.t.web.servlet.TestDispatcherServlet  : Initializing Servlet ''
2025-04-08T09:55:50.875-04:00  INFO 77276 --- [CustomUpload] [    Test worker] o.s.t.web.servlet.TestDispatcherServlet  : Completed initialization in 0 ms
2025-04-08T09:55:50.884-04:00  INFO 77276 --- [CustomUpload] [    Test worker] o.s.mock.web.MockServletContext          : Initializing Spring TestDispatcherServlet ''
2025-04-08T09:55:50.884-04:00  INFO 77276 --- [CustomUpload] [    Test worker] o.s.t.web.servlet.TestDispatcherServlet  : Initializing Servlet ''
2025-04-08T09:55:50.884-04:00  INFO 77276 --- [CustomUpload] [    Test worker] o.s.t.web.servlet.TestDispatcherServlet  : Completed initialization in 0 ms
2025-04-08T09:55:50.893-04:00  INFO 77276 --- [CustomUpload] [    Test worker] o.s.mock.web.MockServletContext          : Initializing Spring TestDispatcherServlet ''
2025-04-08T09:55:50.893-04:00  INFO 77276 --- [CustomUpload] [    Test worker] o.s.t.web.servlet.TestDispatcherServlet  : Initializing Servlet ''
2025-04-08T09:55:50.894-04:00  INFO 77276 --- [CustomUpload] [    Test worker] o.s.t.web.servlet.TestDispatcherServlet  : Completed initialization in 1 ms
]]></system-out>
  <system-err><![CDATA[]]></system-err>
</testsuite>
