<?xml version="1.0" encoding="UTF-8"?>
<testsuite name="com.tarun.customupload.handler.CustomSuccessHandlerTest" tests="1" skipped="0" failures="0" errors="0" timestamp="2025-04-08T13:55:50.897Z" hostname="Mac.lan" time="0.002">
  <properties/>
  <testcase name="testRedirectsToConfiguredUrl()" classname="com.tarun.customupload.handler.CustomSuccessHandlerTest" time="0.002"/>
  <system-out><![CDATA[]]></system-out>
  <system-err><![CDATA[]]></system-err>
</testsuite>
